This file contains any messages produced by compilers while
running configure, to aid debugging if configure makes a mistake.

It was created by darshan-util configure 2.3.0, which was
generated by GNU Autoconf 2.69.  Invocation command line was

  $ ./configure 

## --------- ##
## Platform. ##
## --------- ##

hostname = Dongs-MacBook-Air.local
uname -m = x86_64
uname -r = 13.3.0
uname -s = Darwin
uname -v = Darwin Kernel Version 13.3.0: Tue Jun  3 21:27:35 PDT 2014; root:xnu-2422.110.17~1/RELEASE_X86_64

/usr/bin/uname -p = i386
/bin/uname -X     = unknown

/bin/arch              = unknown
/usr/bin/arch -k       = unknown
/usr/convex/getsysinfo = unknown
/usr/bin/hostinfo      = Mach kernel version:
	 Darwin Kernel Version 13.3.0: Tue Jun  3 21:27:35 PDT 2014; root:xnu-2422.110.17~1/RELEASE_X86_64
Kernel configured for up to 4 processors.
2 processors are physically available.
4 processors are logically available.
Processor type: i486 (Intel 80486)
Processors active: 0 1 2 3
Primary memory available: 8.00 gigabytes
Default processor set: 197 tasks, 883 threads, 4 processors
Load average: 1.83, Mach factor: 2.16
/bin/machine           = unknown
/usr/bin/oslevel       = unknown
/bin/universe          = unknown

PATH: /opt/local/bin
PATH: /opt/local/sbin
PATH: /usr/bin
PATH: /bin
PATH: /usr/sbin
PATH: /sbin
PATH: /usr/local/bin
PATH: /usr/local/git/bin
PATH: /usr/texbin


## ----------- ##
## Core tests. ##
## ----------- ##

configure:2156: checking for a BSD-compatible install
configure:2224: result: /usr/bin/install -c
configure:2284: checking for gcc
configure:2300: found /usr/bin/gcc
configure:2311: result: gcc
configure:2540: checking for C compiler version
configure:2549: gcc --version >&5
Apple LLVM version 5.1 (clang-503.0.40) (based on LLVM 3.4svn)
Target: x86_64-apple-darwin13.3.0
Thread model: posix
Configured with: --prefix=/Applications/Xcode.app/Contents/Developer/usr --with-gxx-include-dir=/usr/include/c++/4.2.1
configure:2560: $? = 0
configure:2549: gcc -v >&5
Configured with: --prefix=/Applications/Xcode.app/Contents/Developer/usr --with-gxx-include-dir=/usr/include/c++/4.2.1
Apple LLVM version 5.1 (clang-503.0.40) (based on LLVM 3.4svn)
Target: x86_64-apple-darwin13.3.0
Thread model: posix
configure:2560: $? = 0
configure:2549: gcc -V >&5
clang: error: argument to '-V' is missing (expected 1 value)
clang: error: no input files
configure:2560: $? = 1
configure:2549: gcc -qversion >&5
clang: error: unknown argument: '-qversion' [-Wunused-command-line-argument-hard-error-in-future]
clang: note: this will be a hard error (cannot be downgraded to a warning) in the future
clang: error: no input files
configure:2560: $? = 1
configure:2580: checking whether the C compiler works
configure:2602: gcc    conftest.c  >&5
configure:2606: $? = 0
configure:2654: result: yes
configure:2657: checking for C compiler default output file name
configure:2659: result: a.out
configure:2665: checking for suffix of executables
configure:2672: gcc -o conftest    conftest.c  >&5
configure:2676: $? = 0
configure:2698: result: 
configure:2720: checking whether we are cross compiling
configure:2728: gcc -o conftest    conftest.c  >&5
configure:2732: $? = 0
configure:2739: ./conftest
configure:2743: $? = 0
configure:2758: result: no
configure:2763: checking for suffix of object files
configure:2785: gcc -c   conftest.c >&5
configure:2789: $? = 0
configure:2810: result: o
configure:2814: checking whether we are using the GNU C compiler
configure:2833: gcc -c   conftest.c >&5
configure:2833: $? = 0
configure:2842: result: yes
configure:2851: checking whether gcc accepts -g
configure:2871: gcc -c -g  conftest.c >&5
configure:2871: $? = 0
configure:2912: result: yes
configure:2929: checking for gcc option to accept ISO C89
configure:2992: gcc  -c -g -O2  conftest.c >&5
configure:2992: $? = 0
configure:3005: result: none needed
configure:3031: checking how to run the C preprocessor
configure:3062: gcc -E  conftest.c
configure:3062: $? = 0
configure:3076: gcc -E  conftest.c
conftest.c:9:10: fatal error: 'ac_nonexistent.h' file not found
#include <ac_nonexistent.h>
         ^
1 error generated.
configure:3076: $? = 1
configure: failed program was:
| /* confdefs.h */
| #define PACKAGE_NAME "darshan-util"
| #define PACKAGE_TARNAME "darshan-util"
| #define PACKAGE_VERSION "2.3.0"
| #define PACKAGE_STRING "darshan-util 2.3.0"
| #define PACKAGE_BUGREPORT ""
| #define PACKAGE_URL ""
| /* end confdefs.h.  */
| #include <ac_nonexistent.h>
configure:3101: result: gcc -E
configure:3121: gcc -E  conftest.c
configure:3121: $? = 0
configure:3135: gcc -E  conftest.c
conftest.c:9:10: fatal error: 'ac_nonexistent.h' file not found
#include <ac_nonexistent.h>
         ^
1 error generated.
configure:3135: $? = 1
configure: failed program was:
| /* confdefs.h */
| #define PACKAGE_NAME "darshan-util"
| #define PACKAGE_TARNAME "darshan-util"
| #define PACKAGE_VERSION "2.3.0"
| #define PACKAGE_STRING "darshan-util 2.3.0"
| #define PACKAGE_BUGREPORT ""
| #define PACKAGE_URL ""
| /* end confdefs.h.  */
| #include <ac_nonexistent.h>
configure:3164: checking for grep that handles long lines and -e
configure:3222: result: /usr/bin/grep
configure:3227: checking for egrep
configure:3289: result: /usr/bin/grep -E
configure:3294: checking for ANSI C header files
configure:3314: gcc -c -g -O2  conftest.c >&5
configure:3314: $? = 0
configure:3387: gcc -o conftest -g -O2   conftest.c  >&5
configure:3387: $? = 0
configure:3387: ./conftest
configure:3387: $? = 0
configure:3398: result: yes
configure:3411: checking for sys/types.h
configure:3411: gcc -c -g -O2  conftest.c >&5
configure:3411: $? = 0
configure:3411: result: yes
configure:3411: checking for sys/stat.h
configure:3411: gcc -c -g -O2  conftest.c >&5
configure:3411: $? = 0
configure:3411: result: yes
configure:3411: checking for stdlib.h
configure:3411: gcc -c -g -O2  conftest.c >&5
configure:3411: $? = 0
configure:3411: result: yes
configure:3411: checking for string.h
configure:3411: gcc -c -g -O2  conftest.c >&5
configure:3411: $? = 0
configure:3411: result: yes
configure:3411: checking for memory.h
configure:3411: gcc -c -g -O2  conftest.c >&5
configure:3411: $? = 0
configure:3411: result: yes
configure:3411: checking for strings.h
configure:3411: gcc -c -g -O2  conftest.c >&5
configure:3411: $? = 0
configure:3411: result: yes
configure:3411: checking for inttypes.h
configure:3411: gcc -c -g -O2  conftest.c >&5
configure:3411: $? = 0
configure:3411: result: yes
configure:3411: checking for stdint.h
configure:3411: gcc -c -g -O2  conftest.c >&5
configure:3411: $? = 0
configure:3411: result: yes
configure:3411: checking for unistd.h
configure:3411: gcc -c -g -O2  conftest.c >&5
configure:3411: $? = 0
configure:3411: result: yes
configure:3426: checking if zlib is wanted
configure:3594: checking if bzlib is wanted
configure:3626: result: yes
configure:3639: checking for BZ2_bzCompressInit in -lbz2
configure:3664: gcc -o conftest -g -O2  -I/usr/include  -L/usr/lib conftest.c -lbz2   >&5
configure:3664: $? = 0
configure:3673: result: yes
configure:3681: checking bzlib.h usability
configure:3681: gcc -c -g -O2  -I/usr/include conftest.c >&5
configure:3681: $? = 0
configure:3681: result: yes
configure:3681: checking bzlib.h presence
configure:3681: gcc -E  -I/usr/include conftest.c
configure:3681: $? = 0
configure:3681: result: yes
configure:3681: checking for bzlib.h
configure:3681: result: yes
configure:3700: checking for BZ2_bzCompressInit in -lbz2
configure:3734: result: yes
configure:3745: checking bzlib in /usr
configure:3747: result: ok
configure:3776: checking for inttypes.h
configure:3776: result: yes
configure:3787: checking whether the inttypes.h PRIxNN macros are broken
configure:3808: gcc -c -g -O2  -I/usr/include conftest.c >&5
configure:3808: $? = 0
configure:3816: result: no
configure:3836: checking for inttypes.h
configure:3836: result: yes
configure:3852: checking for pdflatex
configure:3868: found /usr/texbin/pdflatex
configure:3880: result: yes
configure:3890: checking for -halt-on-error argument to pdflatex
configure:3894: result: yes
configure:3904: checking whether byte ordering is bigendian
configure:3919: gcc -c -g -O2  -I/usr/include conftest.c >&5
configure:3919: $? = 0
configure:3964: gcc -c -g -O2  -I/usr/include conftest.c >&5
configure:3964: $? = 0
configure:3982: gcc -c -g -O2  -I/usr/include conftest.c >&5
conftest.c:29:4: error: use of undeclared identifier 'not'
                 not big endian
                 ^
1 error generated.
configure:3982: $? = 1
configure: failed program was:
| /* confdefs.h */
| #define PACKAGE_NAME "darshan-util"
| #define PACKAGE_TARNAME "darshan-util"
| #define PACKAGE_VERSION "2.3.0"
| #define PACKAGE_STRING "darshan-util 2.3.0"
| #define PACKAGE_BUGREPORT ""
| #define PACKAGE_URL ""
| #define STDC_HEADERS 1
| #define HAVE_SYS_TYPES_H 1
| #define HAVE_SYS_STAT_H 1
| #define HAVE_STDLIB_H 1
| #define HAVE_STRING_H 1
| #define HAVE_MEMORY_H 1
| #define HAVE_STRINGS_H 1
| #define HAVE_INTTYPES_H 1
| #define HAVE_STDINT_H 1
| #define HAVE_UNISTD_H 1
| #define HAVE_LIBBZ2 1
| #define HAVE_INTTYPES_H 1
| #define HAVE_INTTYPES_H 1
| /* end confdefs.h.  */
| #include <sys/types.h>
| 		#include <sys/param.h>
| 
| int
| main ()
| {
| #if BYTE_ORDER != BIG_ENDIAN
| 		 not big endian
| 		#endif
| 
|   ;
|   return 0;
| }
configure:4110: result: no
configure:4131: checking for off64_t
configure:4160: gcc -c -g -O2 -D_FILE_OFFSET_BITS=64 -D_LARGEFILE64_SOURCE  -I/usr/include conftest.c >&5
conftest.c:42:2: error: unknown type name 'off64_t'; did you mean 'off_t'?
 off64_t off;
 ^~~~~~~
 off_t
/usr/include/sys/_types/_off_t.h:30:25: note: 'off_t' declared here
typedef __darwin_off_t          off_t;
                                ^
1 error generated.
configure:4160: $? = 1
configure: failed program was:
| /* confdefs.h */
| #define PACKAGE_NAME "darshan-util"
| #define PACKAGE_TARNAME "darshan-util"
| #define PACKAGE_VERSION "2.3.0"
| #define PACKAGE_STRING "darshan-util 2.3.0"
| #define PACKAGE_BUGREPORT ""
| #define PACKAGE_URL ""
| #define STDC_HEADERS 1
| #define HAVE_SYS_TYPES_H 1
| #define HAVE_SYS_STAT_H 1
| #define HAVE_STDLIB_H 1
| #define HAVE_STRING_H 1
| #define HAVE_MEMORY_H 1
| #define HAVE_STRINGS_H 1
| #define HAVE_INTTYPES_H 1
| #define HAVE_STDINT_H 1
| #define HAVE_UNISTD_H 1
| #define HAVE_LIBBZ2 1
| #define HAVE_INTTYPES_H 1
| #define HAVE_INTTYPES_H 1
| /* end confdefs.h.  */
| 
|     #include <stdio.h>
|     #include <unistd.h>
|     #include <sys/types.h>
|     #include <sys/stat.h>
|     #include <fcntl.h>
|     #include <stdarg.h>
|     #include <string.h>
|     #include <time.h>
|     #include <stdlib.h>
|     #include <errno.h>
|     #include <sys/uio.h>
|     #include <pthread.h>
|     #include <sys/mman.h>
|     #include <search.h>
|     #include <assert.h>
| 
| int
| main ()
| {
|  off64_t off;
|   ;
|   return 0;
| }
configure:4167: result: no
configure:4186: checking for strndup
configure:4186: gcc -o conftest -g -O2  -I/usr/include  -L/usr/lib conftest.c -lbz2  >&5
conftest.c:45:6: warning: incompatible redeclaration of library function 'strndup' [-Wincompatible-library-redeclaration]
char strndup ();
     ^
conftest.c:45:6: note: 'strndup' is a builtin with type 'char *(const char *, unsigned long)'
1 warning generated.
configure:4186: $? = 0
configure:4186: result: yes
configure:4320: creating ./config.status

## ---------------------- ##
## Running config.status. ##
## ---------------------- ##

This file was extended by darshan-util config.status 2.3.0, which was
generated by GNU Autoconf 2.69.  Invocation command line was

  CONFIG_FILES    = 
  CONFIG_HEADERS  = 
  CONFIG_LINKS    = 
  CONFIG_COMMANDS = 
  $ ./config.status 

on Dongs-MacBook-Air.local

config.status:815: creating Makefile
config.status:815: creating darshan-job-summary/bin/darshan-job-summary.pl
config.status:815: creating maint/darshan-util.pc
config.status:815: creating darshan-util-config.h

## ---------------- ##
## Cache variables. ##
## ---------------- ##

ac_cv_c_bigendian=no
ac_cv_c_compiler_gnu=yes
ac_cv_env_CC_set=
ac_cv_env_CC_value=
ac_cv_env_CFLAGS_set=
ac_cv_env_CFLAGS_value=
ac_cv_env_CPPFLAGS_set=
ac_cv_env_CPPFLAGS_value=
ac_cv_env_CPP_set=
ac_cv_env_CPP_value=
ac_cv_env_LDFLAGS_set=
ac_cv_env_LDFLAGS_value=
ac_cv_env_LIBS_set=
ac_cv_env_LIBS_value=
ac_cv_env_build_alias_set=
ac_cv_env_build_alias_value=
ac_cv_env_host_alias_set=
ac_cv_env_host_alias_value=
ac_cv_env_target_alias_set=
ac_cv_env_target_alias_value=
ac_cv_func_strndup=yes
ac_cv_header_bzlib_h=yes
ac_cv_header_inttypes_h=yes
ac_cv_header_memory_h=yes
ac_cv_header_stdc=yes
ac_cv_header_stdint_h=yes
ac_cv_header_stdlib_h=yes
ac_cv_header_string_h=yes
ac_cv_header_strings_h=yes
ac_cv_header_sys_stat_h=yes
ac_cv_header_sys_types_h=yes
ac_cv_header_unistd_h=yes
ac_cv_lib_bz2_BZ2_bzCompressInit=yes
ac_cv_objext=o
ac_cv_path_EGREP='/usr/bin/grep -E'
ac_cv_path_GREP=/usr/bin/grep
ac_cv_path_install='/usr/bin/install -c'
ac_cv_prog_CPP='gcc -E'
ac_cv_prog_HAVE_PDFLATEX=yes
ac_cv_prog_ac_ct_CC=gcc
ac_cv_prog_cc_c89=
ac_cv_prog_cc_g=yes
bzlib_cv_bzlib_h=yes
bzlib_cv_libbz2=yes
gt_cv_inttypes_pri_broken=no

## ----------------- ##
## Output variables. ##
## ----------------- ##

CC='gcc'
CFLAGS='-g -O2'
CPP='gcc -E'
CPPFLAGS=' -I/usr/include'
DARSHAN_ENABLE_SHARED='0'
DARSHAN_UTIL_VERSION='2.3.0'
DEFS='-DHAVE_CONFIG_H'
ECHO_C='\c'
ECHO_N=''
ECHO_T=''
EGREP='/usr/bin/grep -E'
EXEEXT=''
GREP='/usr/bin/grep'
HAVE_PDFLATEX='yes'
INSTALL_DATA='${INSTALL} -m 644'
INSTALL_PROGRAM='${INSTALL}'
INSTALL_SCRIPT='${INSTALL}'
LDFLAGS=' -L/usr/lib'
LIBBZ2='-lbz2'
LIBOBJS=''
LIBS='-lbz2 '
LTLIBOBJS=''
OBJEXT='o'
PACKAGE_BUGREPORT=''
PACKAGE_NAME='darshan-util'
PACKAGE_STRING='darshan-util 2.3.0'
PACKAGE_TARNAME='darshan-util'
PACKAGE_URL=''
PACKAGE_VERSION='2.3.0'
PATH_SEPARATOR=':'
PRI_MACROS_BROKEN='0'
SHELL='/bin/sh'
__CP_PDFLATEX_HALT_ON_ERROR='-halt-on-error'
__CP_ZLIB_INCLUDE_FLAGS=''
__CP_ZLIB_LINK_FLAGS=''
ac_ct_CC='gcc'
bindir='${exec_prefix}/bin'
build_alias=''
datadir='${datarootdir}'
datarootdir='${prefix}/share'
docdir='${datarootdir}/doc/${PACKAGE_TARNAME}'
dvidir='${docdir}'
exec_prefix='${prefix}'
host_alias=''
htmldir='${docdir}'
includedir='${prefix}/include'
infodir='${datarootdir}/info'
libdir='${exec_prefix}/lib'
libexecdir='${exec_prefix}/libexec'
localedir='${datarootdir}/locale'
localstatedir='${prefix}/var'
mandir='${datarootdir}/man'
oldincludedir='/usr/include'
pdfdir='${docdir}'
prefix='/usr/local'
program_transform_name='s,x,x,'
psdir='${docdir}'
sbindir='${exec_prefix}/sbin'
sharedstatedir='${prefix}/com'
sysconfdir='${prefix}/etc'
target_alias=''

## ----------- ##
## confdefs.h. ##
## ----------- ##

/* confdefs.h */
#define PACKAGE_NAME "darshan-util"
#define PACKAGE_TARNAME "darshan-util"
#define PACKAGE_VERSION "2.3.0"
#define PACKAGE_STRING "darshan-util 2.3.0"
#define PACKAGE_BUGREPORT ""
#define PACKAGE_URL ""
#define STDC_HEADERS 1
#define HAVE_SYS_TYPES_H 1
#define HAVE_SYS_STAT_H 1
#define HAVE_STDLIB_H 1
#define HAVE_STRING_H 1
#define HAVE_MEMORY_H 1
#define HAVE_STRINGS_H 1
#define HAVE_INTTYPES_H 1
#define HAVE_STDINT_H 1
#define HAVE_UNISTD_H 1
#define HAVE_LIBBZ2 1
#define HAVE_INTTYPES_H 1
#define HAVE_INTTYPES_H 1
#define HAVE_STRNDUP 1

configure: exit 0
